2025.05.21 15:07:13 INFO  Started: Metals version 1.5.3 in folders 'C:\Users\Bernhard\Documents\TU Wien\Bachelorarbeit\gapt-ba' for client Visual Studio Code 1.100.2.
2025.05.21 15:07:13 INFO  no build target found for C:\Users\Bernhard\Documents\TU Wien\Bachelorarbeit\gapt-ba\ba.scala. Using presentation compiler with project's scala-library version: 3.3.6
2025.05.21 15:07:15 INFO  no build target found for C:\Users\Bernhard\Documents\TU Wien\Bachelorarbeit\gapt-ba\ba.scala. Using presentation compiler with project's scala-library version: 3.3.6
2025.05.21 15:07:15 INFO  no build target found for C:\Users\Bernhard\Documents\TU Wien\Bachelorarbeit\gapt-ba\ba.scala. Using presentation compiler with project's scala-library version: 3.3.6
2025.05.21 15:07:17 INFO  no build target found for C:\Users\Bernhard\Documents\TU Wien\Bachelorarbeit\gapt-ba\ba.scala. Using presentation compiler with project's scala-library version: 3.3.6
2025.05.21 15:07:18 INFO  no build target found for C:\Users\Bernhard\Documents\TU Wien\Bachelorarbeit\gapt-ba\ba.scala. Using presentation compiler with project's scala-library version: 3.3.6
2025.05.21 15:07:18 INFO  no build target found for C:\Users\Bernhard\Documents\TU Wien\Bachelorarbeit\gapt-ba\ba.scala. Using presentation compiler with project's scala-library version: 3.3.6
2025.05.21 15:07:19 INFO  no build target found for C:\Users\Bernhard\Documents\TU Wien\Bachelorarbeit\gapt-ba\ba.scala. Using presentation compiler with project's scala-library version: 3.3.6
2025.05.21 15:07:19 INFO  no build target found for C:\Users\Bernhard\Documents\TU Wien\Bachelorarbeit\gapt-ba\ba.scala. Using presentation compiler with project's scala-library version: 3.3.6
2025.05.21 15:07:19 INFO  no build target found for C:\Users\Bernhard\Documents\TU Wien\Bachelorarbeit\gapt-ba\ba.scala. Using presentation compiler with project's scala-library version: 3.3.6
2025.05.21 15:07:19 INFO  no build target found for C:\Users\Bernhard\Documents\TU Wien\Bachelorarbeit\gapt-ba\ba.scala. Using presentation compiler with project's scala-library version: 3.3.6
2025.05.21 15:07:21 INFO  no build target found for C:\Users\Bernhard\Documents\TU Wien\Bachelorarbeit\gapt-ba\ba.scala. Using presentation compiler with project's scala-library version: 3.3.6
2025.05.21 15:07:21 INFO  no build target found for C:\Users\Bernhard\Documents\TU Wien\Bachelorarbeit\gapt-ba\ba.scala. Using presentation compiler with project's scala-library version: 3.3.6
2025.05.21 15:07:21 INFO  no build target found for C:\Users\Bernhard\Documents\TU Wien\Bachelorarbeit\gapt-ba\ba.scala. Using presentation compiler with project's scala-library version: 3.3.6
2025.05.21 15:07:21 INFO  no build target found for C:\Users\Bernhard\Documents\TU Wien\Bachelorarbeit\gapt-ba\ba.scala. Using presentation compiler with project's scala-library version: 3.3.6
2025.05.21 15:07:22 INFO  no build target found for C:\Users\Bernhard\Documents\TU Wien\Bachelorarbeit\gapt-ba\ba.scala. Using presentation compiler with project's scala-library version: 3.3.6
2025.05.21 15:07:22 INFO  no build target found for C:\Users\Bernhard\Documents\TU Wien\Bachelorarbeit\gapt-ba\ba.scala. Using presentation compiler with project's scala-library version: 3.3.6
2025.05.21 15:07:22 INFO  no build target found for C:\Users\Bernhard\Documents\TU Wien\Bachelorarbeit\gapt-ba\ba.scala. Using presentation compiler with project's scala-library version: 3.3.6
2025.05.21 15:07:24 INFO  no build target found for C:\Users\Bernhard\Documents\TU Wien\Bachelorarbeit\gapt-ba\ba.scala. Using presentation compiler with project's scala-library version: 3.3.6
2025.05.21 15:07:32 INFO  no build target found for C:\Users\Bernhard\Documents\TU Wien\Bachelorarbeit\gapt-ba\ba.scala. Using presentation compiler with project's scala-library version: 3.3.6
2025.05.21 15:07:34 INFO  no build target found for C:\Users\Bernhard\Documents\TU Wien\Bachelorarbeit\gapt-ba\ba.scala. Using presentation compiler with project's scala-library version: 3.3.6
2025.05.21 15:07:34 INFO  no build target found for C:\Users\Bernhard\Documents\TU Wien\Bachelorarbeit\gapt-ba\ba.scala. Using presentation compiler with project's scala-library version: 3.3.6
2025.05.21 15:07:34 INFO  no build target found for C:\Users\Bernhard\Documents\TU Wien\Bachelorarbeit\gapt-ba\ba.scala. Using presentation compiler with project's scala-library version: 3.3.6
2025.05.21 15:07:35 INFO  no build target found for C:\Users\Bernhard\Documents\TU Wien\Bachelorarbeit\gapt-ba\ba.scala. Using presentation compiler with project's scala-library version: 3.3.6
2025.05.21 15:07:36 INFO  no build target found for C:\Users\Bernhard\Documents\TU Wien\Bachelorarbeit\gapt-ba\ba.scala. Using presentation compiler with project's scala-library version: 3.3.6
2025.05.21 15:07:36 INFO  no build target found for C:\Users\Bernhard\Documents\TU Wien\Bachelorarbeit\gapt-ba\ba.scala. Using presentation compiler with project's scala-library version: 3.3.6
2025.05.21 15:07:36 INFO  no build target found for C:\Users\Bernhard\Documents\TU Wien\Bachelorarbeit\gapt-ba\ba.scala. Using presentation compiler with project's scala-library version: 3.3.6
2025.05.21 15:07:36 INFO  no build target found for C:\Users\Bernhard\Documents\TU Wien\Bachelorarbeit\gapt-ba\ba.scala. Using presentation compiler with project's scala-library version: 3.3.6
2025.05.21 15:07:36 INFO  no build target found for C:\Users\Bernhard\Documents\TU Wien\Bachelorarbeit\gapt-ba\ba.scala. Using presentation compiler with project's scala-library version: 3.3.6
2025.05.21 15:07:37 INFO  no build target found for C:\Users\Bernhard\Documents\TU Wien\Bachelorarbeit\gapt-ba\ba.scala. Using presentation compiler with project's scala-library version: 3.3.6
2025.05.21 15:07:36 INFO  no build target found for C:\Users\Bernhard\Documents\TU Wien\Bachelorarbeit\gapt-ba\ba.scala. Using presentation compiler with project's scala-library version: 3.3.6
Mai 21, 2025 3:07:37 PM scala.meta.internal.metals.StdReporter $anonfun$create$1
WARNUNG: empty definition using pc, found symbol in pc: `<none>`. (full report at: C:\Users\Bernhard\Documents\TU Wien\Bachelorarbeit\gapt-ba\.metals\.reports\metals-full\2025-05-21\r_empty-definition_15-07-37-395.md)
2025.05.21 15:07:36 INFO  no build target found for C:\Users\Bernhard\Documents\TU Wien\Bachelorarbeit\gapt-ba\ba.scala. Using presentation compiler with project's scala-library version: 3.3.6
2025.05.21 15:07:38 INFO  no build target found for C:\Users\Bernhard\Documents\TU Wien\Bachelorarbeit\gapt-ba\ba.scala. Using presentation compiler with project's scala-library version: 3.3.6
2025.05.21 15:07:38 INFO  no build target found for C:\Users\Bernhard\Documents\TU Wien\Bachelorarbeit\gapt-ba\ba.scala. Using presentation compiler with project's scala-library version: 3.3.6
2025.05.21 15:07:38 INFO  no build target found for C:\Users\Bernhard\Documents\TU Wien\Bachelorarbeit\gapt-ba\ba.scala. Using presentation compiler with project's scala-library version: 3.3.6
2025.05.21 15:07:38 INFO  no build target found for C:\Users\Bernhard\Documents\TU Wien\Bachelorarbeit\gapt-ba\ba.scala. Using presentation compiler with project's scala-library version: 3.3.6
2025.05.21 15:07:40 INFO  no build target found for C:\Users\Bernhard\Documents\TU Wien\Bachelorarbeit\gapt-ba\ba.scala. Using presentation compiler with project's scala-library version: 3.3.6
2025.05.21 15:07:40 INFO  no build target found for C:\Users\Bernhard\Documents\TU Wien\Bachelorarbeit\gapt-ba\ba.scala. Using presentation compiler with project's scala-library version: 3.3.6
2025.05.21 15:07:40 INFO  no build target found for C:\Users\Bernhard\Documents\TU Wien\Bachelorarbeit\gapt-ba\ba.scala. Using presentation compiler with project's scala-library version: 3.3.6
2025.05.21 15:07:40 INFO  no build target found for C:\Users\Bernhard\Documents\TU Wien\Bachelorarbeit\gapt-ba\ba.scala. Using presentation compiler with project's scala-library version: 3.3.6
2025.05.21 15:07:41 INFO  no build target found for C:\Users\Bernhard\Documents\TU Wien\Bachelorarbeit\gapt-ba\ba.scala. Using presentation compiler with project's scala-library version: 3.3.6
2025.05.21 15:07:41 INFO  no build target found for C:\Users\Bernhard\Documents\TU Wien\Bachelorarbeit\gapt-ba\ba.scala. Using presentation compiler with project's scala-library version: 3.3.6
2025.05.21 15:07:42 INFO  no build target found for C:\Users\Bernhard\Documents\TU Wien\Bachelorarbeit\gapt-ba\ba.scala. Using presentation compiler with project's scala-library version: 3.3.6
2025.05.21 15:07:43 INFO  no build target found for C:\Users\Bernhard\Documents\TU Wien\Bachelorarbeit\gapt-ba\ba.scala. Using presentation compiler with project's scala-library version: 3.3.6
2025.05.21 15:07:43 INFO  no build target found for C:\Users\Bernhard\Documents\TU Wien\Bachelorarbeit\gapt-ba\ba.scala. Using presentation compiler with project's scala-library version: 3.3.6
2025.05.21 15:07:43 INFO  no build target found for C:\Users\Bernhard\Documents\TU Wien\Bachelorarbeit\gapt-ba\ba.scala. Using presentation compiler with project's scala-library version: 3.3.6
2025.05.21 15:07:43 INFO  no build target found for C:\Users\Bernhard\Documents\TU Wien\Bachelorarbeit\gapt-ba\ba.scala. Using presentation compiler with project's scala-library version: 3.3.6
2025.05.21 15:07:45 INFO  no build target found for C:\Users\Bernhard\Documents\TU Wien\Bachelorarbeit\gapt-ba\ba.scala. Using presentation compiler with project's scala-library version: 3.3.6
2025.05.21 15:07:45 INFO  no build target found for C:\Users\Bernhard\Documents\TU Wien\Bachelorarbeit\gapt-ba\ba.scala. Using presentation compiler with project's scala-library version: 3.3.6
2025.05.21 15:07:45 INFO  no build target found for C:\Users\Bernhard\Documents\TU Wien\Bachelorarbeit\gapt-ba\ba.scala. Using presentation compiler with project's scala-library version: 3.3.6
2025.05.21 15:07:46 INFO  no build target found for C:\Users\Bernhard\Documents\TU Wien\Bachelorarbeit\gapt-ba\ba.scala. Using presentation compiler with project's scala-library version: 3.3.6
2025.05.21 15:07:46 INFO  no build target found for C:\Users\Bernhard\Documents\TU Wien\Bachelorarbeit\gapt-ba\ba.scala. Using presentation compiler with project's scala-library version: 3.3.6
2025.05.21 15:07:47 INFO  no build target found for C:\Users\Bernhard\Documents\TU Wien\Bachelorarbeit\gapt-ba\ba.scala. Using presentation compiler with project's scala-library version: 3.3.6
2025.05.21 15:07:46 INFO  no build target found for C:\Users\Bernhard\Documents\TU Wien\Bachelorarbeit\gapt-ba\ba.scala. Using presentation compiler with project's scala-library version: 3.3.6
2025.05.21 15:07:48 INFO  no build target found for C:\Users\Bernhard\Documents\TU Wien\Bachelorarbeit\gapt-ba\ba.scala. Using presentation compiler with project's scala-library version: 3.3.6
2025.05.21 15:07:48 INFO  no build target found for C:\Users\Bernhard\Documents\TU Wien\Bachelorarbeit\gapt-ba\ba.scala. Using presentation compiler with project's scala-library version: 3.3.6
2025.05.21 15:07:48 INFO  no build target found for C:\Users\Bernhard\Documents\TU Wien\Bachelorarbeit\gapt-ba\ba.scala. Using presentation compiler with project's scala-library version: 3.3.6
2025.05.21 15:07:51 INFO  no build target found for C:\Users\Bernhard\Documents\TU Wien\Bachelorarbeit\gapt-ba\ba.scala. Using presentation compiler with project's scala-library version: 3.3.6
2025.05.21 15:07:51 INFO  no build target found for C:\Users\Bernhard\Documents\TU Wien\Bachelorarbeit\gapt-ba\ba.scala. Using presentation compiler with project's scala-library version: 3.3.6
2025.05.21 15:07:51 INFO  no build target found for C:\Users\Bernhard\Documents\TU Wien\Bachelorarbeit\gapt-ba\ba.scala. Using presentation compiler with project's scala-library version: 3.3.6
2025.05.21 15:07:52 INFO  no build target found for C:\Users\Bernhard\Documents\TU Wien\Bachelorarbeit\gapt-ba\ba.scala. Using presentation compiler with project's scala-library version: 3.3.6
2025.05.21 15:07:52 INFO  no build target found for C:\Users\Bernhard\Documents\TU Wien\Bachelorarbeit\gapt-ba\ba.scala. Using presentation compiler with project's scala-library version: 3.3.6
2025.05.21 15:07:52 INFO  no build target found for C:\Users\Bernhard\Documents\TU Wien\Bachelorarbeit\gapt-ba\ba.scala. Using presentation compiler with project's scala-library version: 3.3.6
2025.05.21 15:07:52 INFO  no build target found for C:\Users\Bernhard\Documents\TU Wien\Bachelorarbeit\gapt-ba\ba.scala. Using presentation compiler with project's scala-library version: 3.3.6
2025.05.21 15:07:52 INFO  no build target found for C:\Users\Bernhard\Documents\TU Wien\Bachelorarbeit\gapt-ba\ba.scala. Using presentation compiler with project's scala-library version: 3.3.6
2025.05.21 15:07:53 INFO  no build target found for C:\Users\Bernhard\Documents\TU Wien\Bachelorarbeit\gapt-ba\ba.scala. Using presentation compiler with project's scala-library version: 3.3.6
2025.05.21 15:07:54 INFO  no build target found for C:\Users\Bernhard\Documents\TU Wien\Bachelorarbeit\gapt-ba\ba.scala. Using presentation compiler with project's scala-library version: 3.3.6
2025.05.21 15:07:54 INFO  no build target found for C:\Users\Bernhard\Documents\TU Wien\Bachelorarbeit\gapt-ba\ba.scala. Using presentation compiler with project's scala-library version: 3.3.6
2025.05.21 15:07:55 INFO  no build target found for C:\Users\Bernhard\Documents\TU Wien\Bachelorarbeit\gapt-ba\ba.scala. Using presentation compiler with project's scala-library version: 3.3.6
2025.05.21 15:07:55 INFO  no build target found for C:\Users\Bernhard\Documents\TU Wien\Bachelorarbeit\gapt-ba\ba.scala. Using presentation compiler with project's scala-library version: 3.3.6
2025.05.21 15:07:56 INFO  no build target found for C:\Users\Bernhard\Documents\TU Wien\Bachelorarbeit\gapt-ba\ba.scala. Using presentation compiler with project's scala-library version: 3.3.6
2025.05.21 15:07:56 INFO  no build target found for C:\Users\Bernhard\Documents\TU Wien\Bachelorarbeit\gapt-ba\ba.scala. Using presentation compiler with project's scala-library version: 3.3.6
2025.05.21 15:07:56 INFO  no build target found for C:\Users\Bernhard\Documents\TU Wien\Bachelorarbeit\gapt-ba\ba.scala. Using presentation compiler with project's scala-library version: 3.3.6
2025.05.21 15:07:57 INFO  no build target found for C:\Users\Bernhard\Documents\TU Wien\Bachelorarbeit\gapt-ba\ba.scala. Using presentation compiler with project's scala-library version: 3.3.6
2025.05.21 15:07:59 INFO  no build target found for C:\Users\Bernhard\Documents\TU Wien\Bachelorarbeit\gapt-ba\ba.scala. Using presentation compiler with project's scala-library version: 3.3.6
2025.05.21 15:07:59 INFO  no build target found for C:\Users\Bernhard\Documents\TU Wien\Bachelorarbeit\gapt-ba\ba.scala. Using presentation compiler with project's scala-library version: 3.3.6
2025.05.21 15:08:01 INFO  no build target found for C:\Users\Bernhard\Documents\TU Wien\Bachelorarbeit\gapt-ba\ba.scala. Using presentation compiler with project's scala-library version: 3.3.6
2025.05.21 15:08:08 INFO  no build target found for C:\Users\Bernhard\Documents\TU Wien\Bachelorarbeit\gapt-ba\ba.scala. Using presentation compiler with project's scala-library version: 3.3.6
2025.05.21 15:08:08 INFO  no build target found for C:\Users\Bernhard\Documents\TU Wien\Bachelorarbeit\gapt-ba\ba.scala. Using presentation compiler with project's scala-library version: 3.3.6
2025.05.21 15:08:08 INFO  no build target found for C:\Users\Bernhard\Documents\TU Wien\Bachelorarbeit\gapt-ba\ba.scala. Using presentation compiler with project's scala-library version: 3.3.6
2025.05.21 15:08:09 INFO  no build target found for C:\Users\Bernhard\Documents\TU Wien\Bachelorarbeit\gapt-ba\ba.scala. Using presentation compiler with project's scala-library version: 3.3.6
2025.05.21 15:08:10 INFO  no build target found for C:\Users\Bernhard\Documents\TU Wien\Bachelorarbeit\gapt-ba\ba.scala. Using presentation compiler with project's scala-library version: 3.3.6
2025.05.21 15:08:11 INFO  no build target found for C:\Users\Bernhard\Documents\TU Wien\Bachelorarbeit\gapt-ba\ba.scala. Using presentation compiler with project's scala-library version: 3.3.6
2025.05.21 15:08:11 INFO  no build target found for C:\Users\Bernhard\Documents\TU Wien\Bachelorarbeit\gapt-ba\ba.scala. Using presentation compiler with project's scala-library version: 3.3.6
2025.05.21 15:08:11 INFO  no build target found for C:\Users\Bernhard\Documents\TU Wien\Bachelorarbeit\gapt-ba\ba.scala. Using presentation compiler with project's scala-library version: 3.3.6
2025.05.21 15:08:12 INFO  no build target found for C:\Users\Bernhard\Documents\TU Wien\Bachelorarbeit\gapt-ba\ba.scala. Using presentation compiler with project's scala-library version: 3.3.6
2025.05.21 15:08:17 INFO  no build target found for C:\Users\Bernhard\Documents\TU Wien\Bachelorarbeit\gapt-ba\ba.scala. Using presentation compiler with project's scala-library version: 3.3.6
2025.05.21 15:08:18 INFO  no build target found for C:\Users\Bernhard\Documents\TU Wien\Bachelorarbeit\gapt-ba\ba.scala. Using presentation compiler with project's scala-library version: 3.3.6
2025.05.21 15:08:18 INFO  no build target found for C:\Users\Bernhard\Documents\TU Wien\Bachelorarbeit\gapt-ba\ba.scala. Using presentation compiler with project's scala-library version: 3.3.6
2025.05.21 15:08:19 INFO  no build target found for C:\Users\Bernhard\Documents\TU Wien\Bachelorarbeit\gapt-ba\ba.scala. Using presentation compiler with project's scala-library version: 3.3.6
2025.05.21 15:08:18 INFO  no build target found for C:\Users\Bernhard\Documents\TU Wien\Bachelorarbeit\gapt-ba\ba.scala. Using presentation compiler with project's scala-library version: 3.3.6
2025.05.21 15:08:19 INFO  no build target found for C:\Users\Bernhard\Documents\TU Wien\Bachelorarbeit\gapt-ba\ba.scala. Using presentation compiler with project's scala-library version: 3.3.6
2025.05.21 15:08:21 INFO  no build target found for C:\Users\Bernhard\Documents\TU Wien\Bachelorarbeit\gapt-ba\ba.scala. Using presentation compiler with project's scala-library version: 3.3.6
2025.05.21 15:08:21 WARN  no build target for: C:\Users\Bernhard\Documents\TU Wien\Bachelorarbeit\gapt-ba\ba.scala
2025.05.21 15:08:21 INFO  no build target found for C:\Users\Bernhard\Documents\TU Wien\Bachelorarbeit\gapt-ba\ba.scala. Using presentation compiler with project's scala-library version: 3.3.6
2025.05.21 15:08:36 INFO  no build target found for C:\Users\Bernhard\Documents\TU Wien\Bachelorarbeit\gapt-ba\ba.scala. Using presentation compiler with project's scala-library version: 3.3.6
2025.05.21 15:08:38 INFO  no build target found for C:\Users\Bernhard\Documents\TU Wien\Bachelorarbeit\gapt-ba\ba.scala. Using presentation compiler with project's scala-library version: 3.3.6
2025.05.21 15:08:41 INFO  no build target found for C:\Users\Bernhard\Documents\TU Wien\Bachelorarbeit\gapt-ba\ba.scala. Using presentation compiler with project's scala-library version: 3.3.6
2025.05.21 15:08:41 INFO  no build target found for C:\Users\Bernhard\Documents\TU Wien\Bachelorarbeit\gapt-ba\ba.scala. Using presentation compiler with project's scala-library version: 3.3.6
2025.05.21 15:08:52 INFO  no build target found for C:\Users\Bernhard\Documents\TU Wien\Bachelorarbeit\gapt-ba\ba.scala. Using presentation compiler with project's scala-library version: 3.3.6
2025.05.21 15:08:53 INFO  no build target found for C:\Users\Bernhard\Documents\TU Wien\Bachelorarbeit\gapt-ba\ba.scala. Using presentation compiler with project's scala-library version: 3.3.6
2025.05.21 15:08:53 INFO  no build target found for C:\Users\Bernhard\Documents\TU Wien\Bachelorarbeit\gapt-ba\ba.scala. Using presentation compiler with project's scala-library version: 3.3.6
2025.05.21 15:08:54 INFO  no build target found for C:\Users\Bernhard\Documents\TU Wien\Bachelorarbeit\gapt-ba\ba.scala. Using presentation compiler with project's scala-library version: 3.3.6
2025.05.21 15:08:55 INFO  no build target found for C:\Users\Bernhard\Documents\TU Wien\Bachelorarbeit\gapt-ba\ba.scala. Using presentation compiler with project's scala-library version: 3.3.6
2025.05.21 15:08:55 INFO  no build target found for C:\Users\Bernhard\Documents\TU Wien\Bachelorarbeit\gapt-ba\ba.scala. Using presentation compiler with project's scala-library version: 3.3.6
2025.05.21 15:08:55 INFO  no build target found for C:\Users\Bernhard\Documents\TU Wien\Bachelorarbeit\gapt-ba\ba.scala. Using presentation compiler with project's scala-library version: 3.3.6
2025.05.21 15:08:55 INFO  no build target found for C:\Users\Bernhard\Documents\TU Wien\Bachelorarbeit\gapt-ba\ba.scala. Using presentation compiler with project's scala-library version: 3.3.6
2025.05.21 15:09:11 WARN  no build target for: C:\Users\Bernhard\Documents\TU Wien\Bachelorarbeit\gapt-ba\ba.scala
2025.05.21 15:09:11 INFO  no build target found for C:\Users\Bernhard\Documents\TU Wien\Bachelorarbeit\gapt-ba\ba.scala. Using presentation compiler with project's scala-library version: 3.3.6
2025.05.21 15:09:11 INFO  no build target found for C:\Users\Bernhard\Documents\TU Wien\Bachelorarbeit\gapt-ba\ba.scala. Using presentation compiler with project's scala-library version: 3.3.6
2025.05.21 15:15:46 WARN  no build target for: C:\Users\Bernhard\Documents\TU Wien\Bachelorarbeit\gapt-ba\ba.scala
2025.05.21 15:15:46 INFO  no build target found for C:\Users\Bernhard\Documents\TU Wien\Bachelorarbeit\gapt-ba\ba.scala. Using presentation compiler with project's scala-library version: 3.3.6
2025.05.21 15:15:46 INFO  no build target found for C:\Users\Bernhard\Documents\TU Wien\Bachelorarbeit\gapt-ba\ba.scala. Using presentation compiler with project's scala-library version: 3.3.6
2025.05.21 15:15:48 INFO  no build target found for C:\Users\Bernhard\Documents\TU Wien\Bachelorarbeit\gapt-ba\build.sbt. Using presentation compiler with project's scala-library version: 3.3.6
2025.05.21 15:15:48 INFO  no build target found for C:\Users\Bernhard\Documents\TU Wien\Bachelorarbeit\gapt-ba\build.sbt. Using presentation compiler with project's scala-library version: 3.3.6
2025.05.21 15:15:49 WARN  no build target for: C:\Users\Bernhard\Documents\TU Wien\Bachelorarbeit\gapt-ba\ba.scala
2025.05.21 15:15:48 INFO  no build target found for C:\Users\Bernhard\Documents\TU Wien\Bachelorarbeit\gapt-ba\ba.scala. Using presentation compiler with project's scala-library version: 3.3.6
2025.05.21 15:15:48 INFO  no build target found for C:\Users\Bernhard\Documents\TU Wien\Bachelorarbeit\gapt-ba\ba.scala. Using presentation compiler with project's scala-library version: 3.3.6
2025.05.21 15:15:50 INFO  no build target found for C:\Users\Bernhard\Documents\TU Wien\Bachelorarbeit\gapt-ba\build.sbt. Using presentation compiler with project's scala-library version: 3.3.6
2025.05.21 15:15:50 INFO  no build target found for C:\Users\Bernhard\Documents\TU Wien\Bachelorarbeit\gapt-ba\build.sbt. Using presentation compiler with project's scala-library version: 3.3.6
2025.05.21 15:15:51 INFO  no build target found for C:\Users\Bernhard\Documents\TU Wien\Bachelorarbeit\gapt-ba\build.sbt. Using presentation compiler with project's scala-library version: 3.3.6
2025.05.21 15:15:51 INFO  no build target found for C:\Users\Bernhard\Documents\TU Wien\Bachelorarbeit\gapt-ba\build.sbt. Using presentation compiler with project's scala-library version: 3.3.6
2025.05.21 15:15:51 INFO  no build target found for C:\Users\Bernhard\Documents\TU Wien\Bachelorarbeit\gapt-ba\build.sbt. Using presentation compiler with project's scala-library version: 3.3.6
2025.05.21 15:15:51 WARN  no build target for: C:\Users\Bernhard\Documents\TU Wien\Bachelorarbeit\gapt-ba\ba.scala
2025.05.21 15:15:51 INFO  no build target found for C:\Users\Bernhard\Documents\TU Wien\Bachelorarbeit\gapt-ba\ba.scala. Using presentation compiler with project's scala-library version: 3.3.6
2025.05.21 15:15:51 INFO  no build target found for C:\Users\Bernhard\Documents\TU Wien\Bachelorarbeit\gapt-ba\ba.scala. Using presentation compiler with project's scala-library version: 3.3.6
2025.05.21 15:15:53 WARN  no build target for: C:\Users\Bernhard\Documents\TU Wien\Bachelorarbeit\gapt-ba\ba.scala
2025.05.21 15:15:53 INFO  no build target found for C:\Users\Bernhard\Documents\TU Wien\Bachelorarbeit\gapt-ba\ba.scala. Using presentation compiler with project's scala-library version: 3.3.6
2025.05.21 15:15:53 INFO  no build target found for C:\Users\Bernhard\Documents\TU Wien\Bachelorarbeit\gapt-ba\ba.scala. Using presentation compiler with project's scala-library version: 3.3.6
Mai 21, 2025 3:15:55 PM org.eclipse.lsp4j.jsonrpc.services.GenericEndpoint notify
INFORMATION: Unsupported notification method: $/setTrace
2025.05.21 15:16:03 INFO  no build target found for C:\Users\Bernhard\Documents\TU Wien\Bachelorarbeit\gapt-ba\core\src\main\scala\gapt\expr\ty\-.scala. Using presentation compiler with project's scala-library version: 3.3.6
Mai 21, 2025 3:16:03 PM org.eclipse.lsp4j.jsonrpc.RemoteEndpoint fallbackResponseError
SCHWERWIEGEND: Internal error: java.nio.file.InvalidPathException: Illegal char <>> at index 1: ->:.scala
java.util.concurrent.CompletionException: java.nio.file.InvalidPathException: Illegal char <>> at index 1: ->:.scala
	at java.base/java.util.concurrent.CompletableFuture.wrapInCompletionException(CompletableFuture.java:325)
	at java.base/java.util.concurrent.CompletableFuture.encodeThrowable(CompletableFuture.java:378)
	at java.base/java.util.concurrent.CompletableFuture.completeThrowable(CompletableFuture.java:393)
	at java.base/java.util.concurrent.CompletableFuture$UniAccept.tryFire(CompletableFuture.java:754)
	at java.base/java.util.concurrent.CompletableFuture.postComplete(CompletableFuture.java:556)
	at java.base/java.util.concurrent.CompletableFuture.completeExceptionally(CompletableFuture.java:2246)
	at scala.meta.internal.metals.CancelTokens$.$anonfun$future$1(CancelTokens.scala:40)
	at scala.meta.internal.metals.CancelTokens$.$anonfun$future$1$adapted(CancelTokens.scala:38)
	at scala.concurrent.impl.Promise$Transformation.run(Promise.scala:484)
	at java.base/java.util.concurrent.ThreadPoolExecutor.runWorker(ThreadPoolExecutor.java:1095)
	at java.base/java.util.concurrent.ThreadPoolExecutor$Worker.run(ThreadPoolExecutor.java:619)
	at java.base/java.lang.Thread.run(Thread.java:1447)
Caused by: java.nio.file.InvalidPathException: Illegal char <>> at index 1: ->:.scala
	at java.base/sun.nio.fs.WindowsPathParser.normalize(WindowsPathParser.java:204)
	at java.base/sun.nio.fs.WindowsPathParser.parse(WindowsPathParser.java:175)
	at java.base/sun.nio.fs.WindowsPathParser.parse(WindowsPathParser.java:77)
	at java.base/sun.nio.fs.WindowsPath.parse(WindowsPath.java:92)
	at java.base/sun.nio.fs.WindowsFileSystem.getPath(WindowsFileSystem.java:203)
	at java.base/java.nio.file.Path.resolve(Path.java:513)
	at scala.meta.io.AbsolutePath.resolve(AbsolutePath.scala:41)
	at scala.meta.internal.metals.codeactions.ExtractRenameMember.newPathFromClass(ExtractRenameMember.scala:533)
	at scala.meta.internal.metals.codeactions.ExtractRenameMember.canRenameDefn$1(ExtractRenameMember.scala:67)
	at scala.meta.internal.metals.codeactions.ExtractRenameMember.$anonfun$contribute$1(ExtractRenameMember.scala:111)
	at scala.concurrent.Future$.$anonfun$apply$1(Future.scala:687)
	at scala.concurrent.impl.Promise$Transformation.run(Promise.scala:467)
	... 3 more

2025.05.21 15:16:03 INFO  no build target found for C:\Users\Bernhard\Documents\TU Wien\Bachelorarbeit\gapt-ba\core\src\main\scala\gapt\expr\ty\-.scala. Using presentation compiler with project's scala-library version: 3.3.6
2025.05.21 15:16:05 INFO  no build target found for C:\Users\Bernhard\Documents\TU Wien\Bachelorarbeit\gapt-ba\core\src\main\scala\gapt\expr\ty\-.scala. Using presentation compiler with project's scala-library version: 3.3.6
Mai 21, 2025 3:16:05 PM org.eclipse.lsp4j.jsonrpc.RemoteEndpoint handleNotification
WARNUNG: Notification threw an exception: {
  "jsonrpc": "2.0",
  "method": "metals/didFocusTextDocument",
  "params": [
    "git:/c%3A/Users/Bernhard/Documents/TU%20Wien/Bachelorarbeit/gapt-ba/core/src/main/scala/gapt/expr/ty/-%3E%3A.scala?%7B%22path%22%3A%22c%3A%5C%5CUsers%5C%5CBernhard%5C%5CDocuments%5C%5CTU%20Wien%5C%5CBachelorarbeit%5C%5Cgapt-ba%5C%5Ccore%5C%5Csrc%5C%5Cmain%5C%5Cscala%5C%5Cgapt%5C%5Cexpr%5C%5Cty%5C%5C-%3E%3A.scala%22%2C%22ref%22%3A%22HEAD%22%7D"
  ]
}
java.nio.file.FileSystemNotFoundException: Provider "git" not installed
	at java.base/java.nio.file.Path.of(Path.java:210)
	at java.base/java.nio.file.Paths.get(Paths.java:95)
	at scala.meta.internal.mtags.MtagsEnrichments$XtensionURIMtags.toAbsolutePath(MtagsEnrichments.scala:130)
	at scala.meta.internal.mtags.MtagsEnrichments$XtensionStringMtags.toAbsolutePath(MtagsEnrichments.scala:190)
	at scala.meta.internal.metals.MetalsEnrichments$XtensionString.toAbsolutePath(MetalsEnrichments.scala:787)
	at scala.meta.internal.metals.MetalsEnrichments$XtensionString.toAbsolutePath(MetalsEnrichments.scala:784)
	at scala.meta.internal.metals.WorkspaceLspService.didFocus(WorkspaceLspService.scala:774)
	at scala.meta.metals.lsp.DelegatingScalaService.didFocus(DelegatingScalaService.scala:42)
	at java.base/jdk.internal.reflect.DirectMethodHandleAccessor.invoke(DirectMethodHandleAccessor.java:104)
	at java.base/java.lang.reflect.Method.invoke(Method.java:565)
	at org.eclipse.lsp4j.jsonrpc.services.GenericEndpoint.lambda$recursiveFindRpcMethods$0(GenericEndpoint.java:65)
	at org.eclipse.lsp4j.jsonrpc.services.GenericEndpoint.notify(GenericEndpoint.java:160)
	at org.eclipse.lsp4j.jsonrpc.RemoteEndpoint.handleNotification(RemoteEndpoint.java:231)
	at org.eclipse.lsp4j.jsonrpc.RemoteEndpoint.consume(RemoteEndpoint.java:198)
	at org.eclipse.lsp4j.jsonrpc.json.StreamMessageProducer.handleMessage(StreamMessageProducer.java:185)
	at org.eclipse.lsp4j.jsonrpc.json.StreamMessageProducer.listen(StreamMessageProducer.java:97)
	at org.eclipse.lsp4j.jsonrpc.json.ConcurrentMessageProcessor.run(ConcurrentMessageProcessor.java:114)
	at java.base/java.util.concurrent.Executors$RunnableAdapter.call(Executors.java:545)
	at java.base/java.util.concurrent.FutureTask.run(FutureTask.java:328)
	at java.base/java.util.concurrent.ThreadPoolExecutor.runWorker(ThreadPoolExecutor.java:1095)
	at java.base/java.util.concurrent.ThreadPoolExecutor$Worker.run(ThreadPoolExecutor.java:619)
	at java.base/java.lang.Thread.run(Thread.java:1447)

2025.05.21 15:16:07 INFO  no build target found for C:\Users\Bernhard\Documents\TU Wien\Bachelorarbeit\gapt-ba\core\src\main\scala\gapt\expr\ty\-.scala. Using presentation compiler with project's scala-library version: 3.3.6
Mai 21, 2025 3:16:07 PM org.eclipse.lsp4j.jsonrpc.RemoteEndpoint fallbackResponseError
SCHWERWIEGEND: Internal error: java.nio.file.InvalidPathException: Illegal char <>> at index 1: ->:.scala
java.util.concurrent.CompletionException: java.nio.file.InvalidPathException: Illegal char <>> at index 1: ->:.scala
	at java.base/java.util.concurrent.CompletableFuture.wrapInCompletionException(CompletableFuture.java:325)
	at java.base/java.util.concurrent.CompletableFuture.encodeThrowable(CompletableFuture.java:378)
	at java.base/java.util.concurrent.CompletableFuture.completeThrowable(CompletableFuture.java:393)
	at java.base/java.util.concurrent.CompletableFuture$UniAccept.tryFire(CompletableFuture.java:754)
	at java.base/java.util.concurrent.CompletableFuture.postComplete(CompletableFuture.java:556)
	at java.base/java.util.concurrent.CompletableFuture.completeExceptionally(CompletableFuture.java:2246)
	at scala.meta.internal.metals.CancelTokens$.$anonfun$future$1(CancelTokens.scala:40)
	at scala.meta.internal.metals.CancelTokens$.$anonfun$future$1$adapted(CancelTokens.scala:38)
	at scala.concurrent.impl.Promise$Transformation.run(Promise.scala:484)
	at java.base/java.util.concurrent.ThreadPoolExecutor.runWorker(ThreadPoolExecutor.java:1095)
	at java.base/java.util.concurrent.ThreadPoolExecutor$Worker.run(ThreadPoolExecutor.java:619)
	at java.base/java.lang.Thread.run(Thread.java:1447)
Caused by: java.nio.file.InvalidPathException: Illegal char <>> at index 1: ->:.scala
	at java.base/sun.nio.fs.WindowsPathParser.normalize(WindowsPathParser.java:204)
	at java.base/sun.nio.fs.WindowsPathParser.parse(WindowsPathParser.java:175)
	at java.base/sun.nio.fs.WindowsPathParser.parse(WindowsPathParser.java:77)
	at java.base/sun.nio.fs.WindowsPath.parse(WindowsPath.java:92)
	at java.base/sun.nio.fs.WindowsFileSystem.getPath(WindowsFileSystem.java:203)
	at java.base/java.nio.file.Path.resolve(Path.java:513)
	at scala.meta.io.AbsolutePath.resolve(AbsolutePath.scala:41)
	at scala.meta.internal.metals.codeactions.ExtractRenameMember.newPathFromClass(ExtractRenameMember.scala:533)
	at scala.meta.internal.metals.codeactions.ExtractRenameMember.canRenameDefn$1(ExtractRenameMember.scala:67)
	at scala.meta.internal.metals.codeactions.ExtractRenameMember.$anonfun$contribute$1(ExtractRenameMember.scala:111)
	at scala.concurrent.Future$.$anonfun$apply$1(Future.scala:687)
	at scala.concurrent.impl.Promise$Transformation.run(Promise.scala:467)
	... 3 more

2025.05.21 15:16:07 INFO  no build target found for C:\Users\Bernhard\Documents\TU Wien\Bachelorarbeit\gapt-ba\core\src\main\scala\gapt\expr\ty\-.scala. Using presentation compiler with project's scala-library version: 3.3.6
2025.05.21 15:16:07 INFO  no build target found for C:\Users\Bernhard\Documents\TU Wien\Bachelorarbeit\gapt-ba\core\src\main\scala\gapt\expr\ty\-.scala. Using presentation compiler with project's scala-library version: 3.3.6
Mai 21, 2025 3:16:08 PM org.eclipse.lsp4j.jsonrpc.RemoteEndpoint handleNotification
WARNUNG: Notification threw an exception: {
  "jsonrpc": "2.0",
  "method": "metals/didFocusTextDocument",
  "params": [
    "git:/c%3A/Users/Bernhard/Documents/TU%20Wien/Bachelorarbeit/gapt-ba/core/src/main/scala/gapt/expr/ty/-%3E%3A.scala?%7B%22path%22%3A%22c%3A%5C%5CUsers%5C%5CBernhard%5C%5CDocuments%5C%5CTU%20Wien%5C%5CBachelorarbeit%5C%5Cgapt-ba%5C%5Ccore%5C%5Csrc%5C%5Cmain%5C%5Cscala%5C%5Cgapt%5C%5Cexpr%5C%5Cty%5C%5C-%3E%3A.scala%22%2C%22ref%22%3A%22HEAD%22%7D"
  ]
}
java.nio.file.FileSystemNotFoundException: Provider "git" not installed
	at java.base/java.nio.file.Path.of(Path.java:210)
	at java.base/java.nio.file.Paths.get(Paths.java:95)
	at scala.meta.internal.mtags.MtagsEnrichments$XtensionURIMtags.toAbsolutePath(MtagsEnrichments.scala:130)
	at scala.meta.internal.mtags.MtagsEnrichments$XtensionStringMtags.toAbsolutePath(MtagsEnrichments.scala:190)
	at scala.meta.internal.metals.MetalsEnrichments$XtensionString.toAbsolutePath(MetalsEnrichments.scala:787)
	at scala.meta.internal.metals.MetalsEnrichments$XtensionString.toAbsolutePath(MetalsEnrichments.scala:784)
	at scala.meta.internal.metals.WorkspaceLspService.didFocus(WorkspaceLspService.scala:774)
	at scala.meta.metals.lsp.DelegatingScalaService.didFocus(DelegatingScalaService.scala:42)
	at java.base/jdk.internal.reflect.DirectMethodHandleAccessor.invoke(DirectMethodHandleAccessor.java:104)
	at java.base/java.lang.reflect.Method.invoke(Method.java:565)
	at org.eclipse.lsp4j.jsonrpc.services.GenericEndpoint.lambda$recursiveFindRpcMethods$0(GenericEndpoint.java:65)
	at org.eclipse.lsp4j.jsonrpc.services.GenericEndpoint.notify(GenericEndpoint.java:160)
	at org.eclipse.lsp4j.jsonrpc.RemoteEndpoint.handleNotification(RemoteEndpoint.java:231)
	at org.eclipse.lsp4j.jsonrpc.RemoteEndpoint.consume(RemoteEndpoint.java:198)
	at org.eclipse.lsp4j.jsonrpc.json.StreamMessageProducer.handleMessage(StreamMessageProducer.java:185)
	at org.eclipse.lsp4j.jsonrpc.json.StreamMessageProducer.listen(StreamMessageProducer.java:97)
	at org.eclipse.lsp4j.jsonrpc.json.ConcurrentMessageProcessor.run(ConcurrentMessageProcessor.java:114)
	at java.base/java.util.concurrent.Executors$RunnableAdapter.call(Executors.java:545)
	at java.base/java.util.concurrent.FutureTask.run(FutureTask.java:328)
	at java.base/java.util.concurrent.ThreadPoolExecutor.runWorker(ThreadPoolExecutor.java:1095)
	at java.base/java.util.concurrent.ThreadPoolExecutor$Worker.run(ThreadPoolExecutor.java:619)
	at java.base/java.lang.Thread.run(Thread.java:1447)

2025.05.21 15:16:09 WARN  no build target for: C:\Users\Bernhard\Documents\TU Wien\Bachelorarbeit\gapt-ba\ba.scala
2025.05.21 15:16:09 INFO  no build target found for C:\Users\Bernhard\Documents\TU Wien\Bachelorarbeit\gapt-ba\ba.scala. Using presentation compiler with project's scala-library version: 3.3.6
2025.05.21 15:16:09 INFO  no build target found for C:\Users\Bernhard\Documents\TU Wien\Bachelorarbeit\gapt-ba\ba.scala. Using presentation compiler with project's scala-library version: 3.3.6
2025.05.21 15:16:17 INFO  no build target found for C:\Users\Bernhard\Documents\TU Wien\Bachelorarbeit\gapt-ba\ba.scala. Using presentation compiler with project's scala-library version: 3.3.6
2025.05.21 15:16:19 INFO  no build target found for C:\Users\Bernhard\Documents\TU Wien\Bachelorarbeit\gapt-ba\ba.scala. Using presentation compiler with project's scala-library version: 3.3.6
2025.05.21 15:17:29 INFO  no build target found for C:\Users\Bernhard\Documents\TU Wien\Bachelorarbeit\gapt-ba\core\src\main\scala\gapt\expr\ty\-.scala. Using presentation compiler with project's scala-library version: 3.3.6
Mai 21, 2025 3:17:29 PM org.eclipse.lsp4j.jsonrpc.RemoteEndpoint fallbackResponseError
SCHWERWIEGEND: Internal error: java.nio.file.InvalidPathException: Illegal char <>> at index 1: ->:.scala
java.util.concurrent.CompletionException: java.nio.file.InvalidPathException: Illegal char <>> at index 1: ->:.scala
	at java.base/java.util.concurrent.CompletableFuture.wrapInCompletionException(CompletableFuture.java:325)
	at java.base/java.util.concurrent.CompletableFuture.encodeThrowable(CompletableFuture.java:378)
	at java.base/java.util.concurrent.CompletableFuture.completeThrowable(CompletableFuture.java:393)
	at java.base/java.util.concurrent.CompletableFuture$UniAccept.tryFire(CompletableFuture.java:754)
	at java.base/java.util.concurrent.CompletableFuture.postComplete(CompletableFuture.java:556)
	at java.base/java.util.concurrent.CompletableFuture.completeExceptionally(CompletableFuture.java:2246)
	at scala.meta.internal.metals.CancelTokens$.$anonfun$future$1(CancelTokens.scala:40)
	at scala.meta.internal.metals.CancelTokens$.$anonfun$future$1$adapted(CancelTokens.scala:38)
	at scala.concurrent.impl.Promise$Transformation.run(Promise.scala:484)
	at java.base/java.util.concurrent.ThreadPoolExecutor.runWorker(ThreadPoolExecutor.java:1095)
	at java.base/java.util.concurrent.ThreadPoolExecutor$Worker.run(ThreadPoolExecutor.java:619)
	at java.base/java.lang.Thread.run(Thread.java:1447)
Caused by: java.nio.file.InvalidPathException: Illegal char <>> at index 1: ->:.scala
	at java.base/sun.nio.fs.WindowsPathParser.normalize(WindowsPathParser.java:204)
	at java.base/sun.nio.fs.WindowsPathParser.parse(WindowsPathParser.java:175)
	at java.base/sun.nio.fs.WindowsPathParser.parse(WindowsPathParser.java:77)
	at java.base/sun.nio.fs.WindowsPath.parse(WindowsPath.java:92)
	at java.base/sun.nio.fs.WindowsFileSystem.getPath(WindowsFileSystem.java:203)
	at java.base/java.nio.file.Path.resolve(Path.java:513)
	at scala.meta.io.AbsolutePath.resolve(AbsolutePath.scala:41)
	at scala.meta.internal.metals.codeactions.ExtractRenameMember.newPathFromClass(ExtractRenameMember.scala:533)
	at scala.meta.internal.metals.codeactions.ExtractRenameMember.canRenameDefn$1(ExtractRenameMember.scala:67)
	at scala.meta.internal.metals.codeactions.ExtractRenameMember.$anonfun$contribute$1(ExtractRenameMember.scala:111)
	at scala.concurrent.Future$.$anonfun$apply$1(Future.scala:687)
	at scala.concurrent.impl.Promise$Transformation.run(Promise.scala:467)
	... 3 more

2025.05.21 15:17:29 INFO  no build target found for C:\Users\Bernhard\Documents\TU Wien\Bachelorarbeit\gapt-ba\core\src\main\scala\gapt\expr\ty\-.scala. Using presentation compiler with project's scala-library version: 3.3.6
2025.05.21 15:17:29 INFO  no build target found for C:\Users\Bernhard\Documents\TU Wien\Bachelorarbeit\gapt-ba\core\src\main\scala\gapt\expr\ty\-.scala. Using presentation compiler with project's scala-library version: 3.3.6
Mai 21, 2025 3:17:33 PM org.eclipse.lsp4j.jsonrpc.RemoteEndpoint handleNotification
WARNUNG: Notification threw an exception: {
  "jsonrpc": "2.0",
  "method": "metals/didFocusTextDocument",
  "params": [
    "git:/c%3A/Users/Bernhard/Documents/TU%20Wien/Bachelorarbeit/gapt-ba/core/src/main/scala/gapt/expr/ty/-%3E%3A.scala?%7B%22path%22%3A%22c%3A%5C%5CUsers%5C%5CBernhard%5C%5CDocuments%5C%5CTU%20Wien%5C%5CBachelorarbeit%5C%5Cgapt-ba%5C%5Ccore%5C%5Csrc%5C%5Cmain%5C%5Cscala%5C%5Cgapt%5C%5Cexpr%5C%5Cty%5C%5C-%3E%3A.scala%22%2C%22ref%22%3A%22HEAD%22%7D"
  ]
}
java.nio.file.FileSystemNotFoundException: Provider "git" not installed
	at java.base/java.nio.file.Path.of(Path.java:210)
	at java.base/java.nio.file.Paths.get(Paths.java:95)
	at scala.meta.internal.mtags.MtagsEnrichments$XtensionURIMtags.toAbsolutePath(MtagsEnrichments.scala:130)
	at scala.meta.internal.mtags.MtagsEnrichments$XtensionStringMtags.toAbsolutePath(MtagsEnrichments.scala:190)
	at scala.meta.internal.metals.MetalsEnrichments$XtensionString.toAbsolutePath(MetalsEnrichments.scala:787)
	at scala.meta.internal.metals.MetalsEnrichments$XtensionString.toAbsolutePath(MetalsEnrichments.scala:784)
	at scala.meta.internal.metals.WorkspaceLspService.didFocus(WorkspaceLspService.scala:774)
	at scala.meta.metals.lsp.DelegatingScalaService.didFocus(DelegatingScalaService.scala:42)
	at java.base/jdk.internal.reflect.DirectMethodHandleAccessor.invoke(DirectMethodHandleAccessor.java:104)
	at java.base/java.lang.reflect.Method.invoke(Method.java:565)
	at org.eclipse.lsp4j.jsonrpc.services.GenericEndpoint.lambda$recursiveFindRpcMethods$0(GenericEndpoint.java:65)
	at org.eclipse.lsp4j.jsonrpc.services.GenericEndpoint.notify(GenericEndpoint.java:160)
	at org.eclipse.lsp4j.jsonrpc.RemoteEndpoint.handleNotification(RemoteEndpoint.java:231)
	at org.eclipse.lsp4j.jsonrpc.RemoteEndpoint.consume(RemoteEndpoint.java:198)
	at org.eclipse.lsp4j.jsonrpc.json.StreamMessageProducer.handleMessage(StreamMessageProducer.java:185)
	at org.eclipse.lsp4j.jsonrpc.json.StreamMessageProducer.listen(StreamMessageProducer.java:97)
	at org.eclipse.lsp4j.jsonrpc.json.ConcurrentMessageProcessor.run(ConcurrentMessageProcessor.java:114)
	at java.base/java.util.concurrent.Executors$RunnableAdapter.call(Executors.java:545)
	at java.base/java.util.concurrent.FutureTask.run(FutureTask.java:328)
	at java.base/java.util.concurrent.ThreadPoolExecutor.runWorker(ThreadPoolExecutor.java:1095)
	at java.base/java.util.concurrent.ThreadPoolExecutor$Worker.run(ThreadPoolExecutor.java:619)
	at java.base/java.lang.Thread.run(Thread.java:1447)

2025.05.21 15:17:38 WARN  no build target for: C:\Users\Bernhard\Documents\TU Wien\Bachelorarbeit\gapt-ba\core\src\main\scala\gapt\expr\ty\-.scala
2025.05.21 15:17:38 INFO  no build target found for C:\Users\Bernhard\Documents\TU Wien\Bachelorarbeit\gapt-ba\core\src\main\scala\gapt\expr\ty\-.scala. Using presentation compiler with project's scala-library version: 3.3.6
Mai 21, 2025 3:17:39 PM org.eclipse.lsp4j.jsonrpc.RemoteEndpoint fallbackResponseError
SCHWERWIEGEND: Internal error: java.nio.file.InvalidPathException: Illegal char <>> at index 1: ->:.scala
java.util.concurrent.CompletionException: java.nio.file.InvalidPathException: Illegal char <>> at index 1: ->:.scala
	at java.base/java.util.concurrent.CompletableFuture.wrapInCompletionException(CompletableFuture.java:325)
	at java.base/java.util.concurrent.CompletableFuture.encodeThrowable(CompletableFuture.java:378)
	at java.base/java.util.concurrent.CompletableFuture.completeThrowable(CompletableFuture.java:393)
	at java.base/java.util.concurrent.CompletableFuture$UniAccept.tryFire(CompletableFuture.java:754)
	at java.base/java.util.concurrent.CompletableFuture.postComplete(CompletableFuture.java:556)
	at java.base/java.util.concurrent.CompletableFuture.completeExceptionally(CompletableFuture.java:2246)
	at scala.meta.internal.metals.CancelTokens$.$anonfun$future$1(CancelTokens.scala:40)
	at scala.meta.internal.metals.CancelTokens$.$anonfun$future$1$adapted(CancelTokens.scala:38)
	at scala.concurrent.impl.Promise$Transformation.run(Promise.scala:484)
	at java.base/java.util.concurrent.ThreadPoolExecutor.runWorker(ThreadPoolExecutor.java:1095)
	at java.base/java.util.concurrent.ThreadPoolExecutor$Worker.run(ThreadPoolExecutor.java:619)
	at java.base/java.lang.Thread.run(Thread.java:1447)
Caused by: java.nio.file.InvalidPathException: Illegal char <>> at index 1: ->:.scala
	at java.base/sun.nio.fs.WindowsPathParser.normalize(WindowsPathParser.java:204)
	at java.base/sun.nio.fs.WindowsPathParser.parse(WindowsPathParser.java:175)
	at java.base/sun.nio.fs.WindowsPathParser.parse(WindowsPathParser.java:77)
	at java.base/sun.nio.fs.WindowsPath.parse(WindowsPath.java:92)
	at java.base/sun.nio.fs.WindowsFileSystem.getPath(WindowsFileSystem.java:203)
	at java.base/java.nio.file.Path.resolve(Path.java:513)
	at scala.meta.io.AbsolutePath.resolve(AbsolutePath.scala:41)
	at scala.meta.internal.metals.codeactions.ExtractRenameMember.newPathFromClass(ExtractRenameMember.scala:533)
	at scala.meta.internal.metals.codeactions.ExtractRenameMember.canRenameDefn$1(ExtractRenameMember.scala:67)
	at scala.meta.internal.metals.codeactions.ExtractRenameMember.$anonfun$contribute$1(ExtractRenameMember.scala:111)
	at scala.concurrent.Future$.$anonfun$apply$1(Future.scala:687)
	at scala.concurrent.impl.Promise$Transformation.run(Promise.scala:467)
	... 3 more

2025.05.21 15:17:38 INFO  no build target found for C:\Users\Bernhard\Documents\TU Wien\Bachelorarbeit\gapt-ba\core\src\main\scala\gapt\expr\ty\-.scala. Using presentation compiler with project's scala-library version: 3.3.6
2025.05.21 15:17:39 INFO  no build target found for C:\Users\Bernhard\Documents\TU Wien\Bachelorarbeit\gapt-ba\core\src\main\scala\gapt\expr\ty\-.scala. Using presentation compiler with project's scala-library version: 3.3.6
2025.05.21 15:17:38 INFO  no build target found for C:\Users\Bernhard\Documents\TU Wien\Bachelorarbeit\gapt-ba\core\src\main\scala\gapt\expr\ty\-.scala. Using presentation compiler with project's scala-library version: 3.3.6
2025.05.21 15:17:41 INFO  no build target found for C:\Users\Bernhard\Documents\TU Wien\Bachelorarbeit\gapt-ba\core\src\main\scala\gapt\expr\ty\-.scala. Using presentation compiler with project's scala-library version: 3.3.6
2025.05.21 15:17:44 INFO  no build target found for C:\Users\Bernhard\Documents\TU Wien\Bachelorarbeit\gapt-ba\core\src\main\scala\gapt\expr\ty\-.scala. Using presentation compiler with project's scala-library version: 3.3.6
2025.05.21 15:18:00 INFO  no build target found for C:\Users\Bernhard\Documents\TU Wien\Bachelorarbeit\gapt-ba\core\src\main\scala\gapt\expr\ty\-.scala. Using presentation compiler with project's scala-library version: 3.3.6
2025.05.21 15:18:01 INFO  no build target found for C:\Users\Bernhard\Documents\TU Wien\Bachelorarbeit\gapt-ba\core\src\main\scala\gapt\expr\ty\-.scala. Using presentation compiler with project's scala-library version: 3.3.6
2025.05.21 15:18:03 INFO  no build target found for C:\Users\Bernhard\Documents\TU Wien\Bachelorarbeit\gapt-ba\core\src\main\scala\gapt\expr\ty\-.scala. Using presentation compiler with project's scala-library version: 3.3.6
2025.05.21 15:18:04 WARN  no build target for: C:\Users\Bernhard\Documents\TU Wien\Bachelorarbeit\gapt-ba\ba.scala
2025.05.21 15:18:03 INFO  no build target found for C:\Users\Bernhard\Documents\TU Wien\Bachelorarbeit\gapt-ba\ba.scala. Using presentation compiler with project's scala-library version: 3.3.6
2025.05.21 15:18:04 INFO  no build target found for C:\Users\Bernhard\Documents\TU Wien\Bachelorarbeit\gapt-ba\ba.scala. Using presentation compiler with project's scala-library version: 3.3.6
2025.05.21 15:18:05 INFO  no build target found for C:\Users\Bernhard\Documents\TU Wien\Bachelorarbeit\gapt-ba\ba.scala. Using presentation compiler with project's scala-library version: 3.3.6
2025.05.21 15:18:05 INFO  no build target found for C:\Users\Bernhard\Documents\TU Wien\Bachelorarbeit\gapt-ba\ba.scala. Using presentation compiler with project's scala-library version: 3.3.6
2025.05.21 15:18:10 INFO  no build target found for C:\Users\Bernhard\Documents\TU Wien\Bachelorarbeit\gapt-ba\ba.scala. Using presentation compiler with project's scala-library version: 3.3.6
2025.05.21 15:18:14 INFO  no build target found for C:\Users\Bernhard\Documents\TU Wien\Bachelorarbeit\gapt-ba\ba.scala. Using presentation compiler with project's scala-library version: 3.3.6
2025.05.21 15:19:31 INFO  no build target found for C:\Users\Bernhard\Documents\TU Wien\Bachelorarbeit\gapt-ba\ba.scala. Using presentation compiler with project's scala-library version: 3.3.6
2025.05.21 15:19:32 INFO  no build target found for C:\Users\Bernhard\Documents\TU Wien\Bachelorarbeit\gapt-ba\ba.scala. Using presentation compiler with project's scala-library version: 3.3.6
2025.05.21 15:19:38 INFO  Shutting down server
2025.05.21 15:19:38 INFO  shutting down Metals
2025.05.21 15:19:38 INFO  Exiting server
